{"/Users/skandanakv/Projects/Namaste_React/src/sum.js": {"path":"/Users/skandanakv/Projects/Namaste_React/src/sum.js","statementMap":{"0":{"start":{"line":1,"column":19},"end":{"line":3,"column":1}},"1":{"start":{"line":2,"column":4},"end":{"line":2,"column":15}}},"fnMap":{"0":{"name":"(anonymous_0)","decl":{"start":{"line":1,"column":19},"end":{"line":1,"column":20}},"loc":{"start":{"line":1,"column":29},"end":{"line":3,"column":1}},"line":1}},"branchMap":{},"s":{"0":1,"1":1},"f":{"0":1},"b":{},"_coverageSchema":"1a1c01bbd47fc00a2c39e90264f33305004495a9","hash":"0f47c0e309aa7f060777e57d87279091c3787377"}
,"/Users/skandanakv/Projects/Namaste_React/src/components/Body.js": {"path":"/Users/skandanakv/Projects/Namaste_React/src/components/Body.js","statementMap":{"0":{"start":{"line":7,"column":11},"end":{"line":137,"column":1}},"1":{"start":{"line":8,"column":41},"end":{"line":8,"column":53}},"2":{"start":{"line":9,"column":39},"end":{"line":9,"column":51}},"3":{"start":{"line":10,"column":58},"end":{"line":10,"column":70}},"4":{"start":{"line":12,"column":4},"end":{"line":14,"column":7}},"5":{"start":{"line":13,"column":8},"end":{"line":13,"column":20}},"6":{"start":{"line":16,"column":21},"end":{"line":16,"column":38}},"7":{"start":{"line":18,"column":31},"end":{"line":18,"column":64}},"8":{"start":{"line":20,"column":0},"end":{"line":22,"column":1}},"9":{"start":{"line":21,"column":2},"end":{"line":21,"column":60}},"10":{"start":{"line":50,"column":18},"end":{"line":62,"column":1}},"11":{"start":{"line":51,"column":17},"end":{"line":51,"column":77}},"12":{"start":{"line":52,"column":17},"end":{"line":52,"column":34}},"13":{"start":{"line":56,"column":8},"end":{"line":56,"column":96}},"14":{"start":{"line":57,"column":1},"end":{"line":57,"column":26}},"15":{"start":{"line":60,"column":4},"end":{"line":60,"column":32}},"16":{"start":{"line":61,"column":4},"end":{"line":61,"column":40}},"17":{"start":{"line":64,"column":0},"end":{"line":65,"column":25}},"18":{"start":{"line":65,"column":4},"end":{"line":65,"column":24}},"19":{"start":{"line":68,"column":4},"end":{"line":135,"column":8}},"20":{"start":{"line":83,"column":18},"end":{"line":83,"column":48}},"21":{"start":{"line":90,"column":37},"end":{"line":92,"column":19}},"22":{"start":{"line":91,"column":20},"end":{"line":91,"column":82}},"23":{"start":{"line":93,"column":18},"end":{"line":93,"column":53}},"24":{"start":{"line":104,"column":37},"end":{"line":106,"column":17}},"25":{"start":{"line":105,"column":27},"end":{"line":105,"column":49}},"26":{"start":{"line":107,"column":16},"end":{"line":107,"column":53}},"27":{"start":{"line":118,"column":14},"end":{"line":130,"column":21}}},"fnMap":{"0":{"name":"(anonymous_0)","decl":{"start":{"line":7,"column":11},"end":{"line":7,"column":12}},"loc":{"start":{"line":7,"column":15},"end":{"line":137,"column":1}},"line":7},"1":{"name":"(anonymous_1)","decl":{"start":{"line":12,"column":14},"end":{"line":12,"column":15}},"loc":{"start":{"line":12,"column":20},"end":{"line":14,"column":1}},"line":12},"2":{"name":"(anonymous_2)","decl":{"start":{"line":50,"column":18},"end":{"line":50,"column":19}},"loc":{"start":{"line":50,"column":30},"end":{"line":62,"column":1}},"line":50},"3":{"name":"(anonymous_3)","decl":{"start":{"line":82,"column":26},"end":{"line":82,"column":27}},"loc":{"start":{"line":82,"column":33},"end":{"line":84,"column":17}},"line":82},"4":{"name":"(anonymous_4)","decl":{"start":{"line":89,"column":25},"end":{"line":89,"column":26}},"loc":{"start":{"line":89,"column":31},"end":{"line":94,"column":17}},"line":89},"5":{"name":"(anonymous_5)","decl":{"start":{"line":90,"column":56},"end":{"line":90,"column":57}},"loc":{"start":{"line":91,"column":20},"end":{"line":91,"column":82}},"line":91},"6":{"name":"(anonymous_6)","decl":{"start":{"line":103,"column":23},"end":{"line":103,"column":24}},"loc":{"start":{"line":103,"column":29},"end":{"line":108,"column":15}},"line":103},"7":{"name":"(anonymous_7)","decl":{"start":{"line":105,"column":18},"end":{"line":105,"column":19}},"loc":{"start":{"line":105,"column":27},"end":{"line":105,"column":49}},"line":105},"8":{"name":"(anonymous_8)","decl":{"start":{"line":117,"column":37},"end":{"line":117,"column":38}},"loc":{"start":{"line":118,"column":14},"end":{"line":130,"column":21}},"line":118}},"branchMap":{"0":{"loc":{"start":{"line":20,"column":0},"end":{"line":22,"column":1}},"type":"if","locations":[{"start":{"line":20,"column":0},"end":{"line":22,"column":1}},{"start":{},"end":{}}],"line":20},"1":{"loc":{"start":{"line":56,"column":8},"end":{"line":56,"column":96}},"type":"binary-expr","locations":[{"start":{"line":56,"column":8},"end":{"line":56,"column":90}},{"start":{"line":56,"column":94},"end":{"line":56,"column":96}}],"line":56},"2":{"loc":{"start":{"line":64,"column":0},"end":{"line":65,"column":25}},"type":"if","locations":[{"start":{"line":64,"column":0},"end":{"line":65,"column":25}},{"start":{},"end":{}}],"line":64},"3":{"loc":{"start":{"line":124,"column":17},"end":{"line":128,"column":17}},"type":"cond-expr","locations":[{"start":{"line":125,"column":18},"end":{"line":125,"column":70}},{"start":{"line":127,"column":18},"end":{"line":127,"column":62}}],"line":124}},"s":{"0":1,"1":4,"2":4,"3":4,"4":4,"5":1,"6":4,"7":4,"8":4,"9":0,"10":4,"11":1,"12":1,"13":1,"14":1,"15":1,"16":1,"17":4,"18":1,"19":3,"20":1,"21":1,"22":9,"23":1,"24":0,"25":0,"26":0,"27":19},"f":{"0":4,"1":1,"2":1,"3":1,"4":1,"5":9,"6":0,"7":0,"8":19},"b":{"0":[0,4],"1":[1,0],"2":[1,3],"3":[0,19]},"_coverageSchema":"1a1c01bbd47fc00a2c39e90264f33305004495a9","hash":"c67d04c59cd5bb70667a12acf62786ac9c99f9ff"}
,"/Users/skandanakv/Projects/Namaste_React/src/components/Cart.js": {"path":"/Users/skandanakv/Projects/Namaste_React/src/components/Cart.js","statementMap":{"0":{"start":{"line":7,"column":13},"end":{"line":90,"column":1}},"1":{"start":{"line":9,"column":21},"end":{"line":9,"column":34}},"2":{"start":{"line":12,"column":20},"end":{"line":12,"column":60}},"3":{"start":{"line":12,"column":43},"end":{"line":12,"column":59}},"4":{"start":{"line":14,"column":24},"end":{"line":16,"column":3}},"5":{"start":{"line":15,"column":4},"end":{"line":15,"column":26}},"6":{"start":{"line":18,"column":2},"end":{"line":89,"column":4}},"7":{"start":{"line":41,"column":16},"end":{"line":41,"column":20}},"8":{"start":{"line":43,"column":12},"end":{"line":82,"column":14}},"9":{"start":{"line":73,"column":17},"end":{"line":73,"column":46}}},"fnMap":{"0":{"name":"(anonymous_0)","decl":{"start":{"line":7,"column":13},"end":{"line":7,"column":14}},"loc":{"start":{"line":7,"column":19},"end":{"line":90,"column":1}},"line":7},"1":{"name":"(anonymous_1)","decl":{"start":{"line":12,"column":32},"end":{"line":12,"column":33}},"loc":{"start":{"line":12,"column":43},"end":{"line":12,"column":59}},"line":12},"2":{"name":"(anonymous_2)","decl":{"start":{"line":14,"column":24},"end":{"line":14,"column":25}},"loc":{"start":{"line":14,"column":28},"end":{"line":16,"column":3}},"line":14},"3":{"name":"(anonymous_3)","decl":{"start":{"line":33,"column":25},"end":{"line":33,"column":26}},"loc":{"start":{"line":33,"column":35},"end":{"line":83,"column":11}},"line":33},"4":{"name":"(anonymous_4)","decl":{"start":{"line":73,"column":11},"end":{"line":73,"column":12}},"loc":{"start":{"line":73,"column":17},"end":{"line":73,"column":46}},"line":73}},"branchMap":{"0":{"loc":{"start":{"line":28,"column":7},"end":{"line":86,"column":7}},"type":"cond-expr","locations":[{"start":{"line":29,"column":8},"end":{"line":29,"column":71}},{"start":{"line":31,"column":8},"end":{"line":85,"column":14}}],"line":28},"1":{"loc":{"start":{"line":54,"column":24},"end":{"line":54,"column":45}},"type":"binary-expr","locations":[{"start":{"line":54,"column":24},"end":{"line":54,"column":29}},{"start":{"line":54,"column":33},"end":{"line":54,"column":45}}],"line":54}},"s":{"0":1,"1":4,"2":4,"3":8,"4":4,"5":1,"6":4,"7":3,"8":3,"9":0},"f":{"0":4,"1":8,"2":1,"3":3,"4":0},"b":{"0":[2,2],"1":[3,0]},"_coverageSchema":"1a1c01bbd47fc00a2c39e90264f33305004495a9","hash":"5c0483e4b9f57a460e88def9e8333f81a6b59caa"}
,"/Users/skandanakv/Projects/Namaste_React/src/components/Contact.js": {"path":"/Users/skandanakv/Projects/Namaste_React/src/components/Contact.js","statementMap":{"0":{"start":{"line":1,"column":15},"end":{"line":11,"column":1}},"1":{"start":{"line":2,"column":4},"end":{"line":10,"column":5}}},"fnMap":{"0":{"name":"(anonymous_0)","decl":{"start":{"line":1,"column":15},"end":{"line":1,"column":16}},"loc":{"start":{"line":1,"column":21},"end":{"line":11,"column":1}},"line":1}},"branchMap":{},"s":{"0":1,"1":4},"f":{"0":4},"b":{},"_coverageSchema":"1a1c01bbd47fc00a2c39e90264f33305004495a9","hash":"8803f3aef98a39434c9be003cebcf74c9d4da1de"}
,"/Users/skandanakv/Projects/Namaste_React/src/components/Header.js": {"path":"/Users/skandanakv/Projects/Namaste_React/src/components/Header.js","statementMap":{"0":{"start":{"line":8,"column":15},"end":{"line":85,"column":3}},"1":{"start":{"line":10,"column":31},"end":{"line":10,"column":48}},"2":{"start":{"line":11,"column":21},"end":{"line":11,"column":38}},"3":{"start":{"line":13,"column":23},"end":{"line":13,"column":46}},"4":{"start":{"line":14,"column":2},"end":{"line":14,"column":28}},"5":{"start":{"line":18,"column":19},"end":{"line":18,"column":58}},"6":{"start":{"line":18,"column":41},"end":{"line":18,"column":57}},"7":{"start":{"line":20,"column":6},"end":{"line":84,"column":4}},"8":{"start":{"line":68,"column":14},"end":{"line":70,"column":38}}},"fnMap":{"0":{"name":"(anonymous_0)","decl":{"start":{"line":8,"column":15},"end":{"line":8,"column":16}},"loc":{"start":{"line":8,"column":21},"end":{"line":85,"column":3}},"line":8},"1":{"name":"(anonymous_1)","decl":{"start":{"line":18,"column":31},"end":{"line":18,"column":32}},"loc":{"start":{"line":18,"column":41},"end":{"line":18,"column":57}},"line":18},"2":{"name":"(anonymous_2)","decl":{"start":{"line":67,"column":21},"end":{"line":67,"column":22}},"loc":{"start":{"line":67,"column":27},"end":{"line":71,"column":13}},"line":67}},"branchMap":{"0":{"loc":{"start":{"line":40,"column":28},"end":{"line":40,"column":53}},"type":"cond-expr","locations":[{"start":{"line":40,"column":43},"end":{"line":40,"column":46}},{"start":{"line":40,"column":49},"end":{"line":40,"column":53}}],"line":40},"1":{"loc":{"start":{"line":68,"column":14},"end":{"line":70,"column":37}},"type":"cond-expr","locations":[{"start":{"line":69,"column":18},"end":{"line":69,"column":38}},{"start":{"line":70,"column":18},"end":{"line":70,"column":37}}],"line":68}},"s":{"0":2,"1":9,"2":9,"3":9,"4":9,"5":9,"6":16,"7":9,"8":2},"f":{"0":9,"1":16,"2":2},"b":{"0":[9,0],"1":[1,1]},"_coverageSchema":"1a1c01bbd47fc00a2c39e90264f33305004495a9","hash":"e1337f9416860ea639e22d7fc9a462486ffc8233"}
,"/Users/skandanakv/Projects/Namaste_React/src/components/RestaurantCard.js": {"path":"/Users/skandanakv/Projects/Namaste_React/src/components/RestaurantCard.js","statementMap":{"0":{"start":{"line":42,"column":23},"end":{"line":72,"column":1}},"1":{"start":{"line":43,"column":22},"end":{"line":43,"column":27}},"2":{"start":{"line":54,"column":6},"end":{"line":54,"column":30}},"3":{"start":{"line":56,"column":2},"end":{"line":71,"column":4}},"4":{"start":{"line":74,"column":24},"end":{"line":85,"column":1}},"5":{"start":{"line":75,"column":2},"end":{"line":84,"column":3}},"6":{"start":{"line":76,"column":4},"end":{"line":83,"column":5}}},"fnMap":{"0":{"name":"(anonymous_0)","decl":{"start":{"line":42,"column":23},"end":{"line":42,"column":24}},"loc":{"start":{"line":42,"column":34},"end":{"line":72,"column":1}},"line":42},"1":{"name":"(anonymous_1)","decl":{"start":{"line":74,"column":24},"end":{"line":74,"column":25}},"loc":{"start":{"line":74,"column":42},"end":{"line":85,"column":1}},"line":74},"2":{"name":"(anonymous_2)","decl":{"start":{"line":75,"column":9},"end":{"line":75,"column":10}},"loc":{"start":{"line":75,"column":18},"end":{"line":84,"column":3}},"line":75}},"branchMap":{"0":{"loc":{"start":{"line":54,"column":6},"end":{"line":54,"column":30}},"type":"binary-expr","locations":[{"start":{"line":54,"column":6},"end":{"line":54,"column":19}},{"start":{"line":54,"column":23},"end":{"line":54,"column":30}}],"line":54},"1":{"loc":{"start":{"line":66,"column":9},"end":{"line":66,"column":37}},"type":"binary-expr","locations":[{"start":{"line":66,"column":9},"end":{"line":66,"column":24}},{"start":{"line":66,"column":28},"end":{"line":66,"column":37}}],"line":66}},"s":{"0":2,"1":20,"2":20,"3":20,"4":2,"5":4,"6":0},"f":{"0":20,"1":4,"2":0},"b":{"0":[20,19],"1":[20,0]},"_coverageSchema":"1a1c01bbd47fc00a2c39e90264f33305004495a9","hash":"df341d439d20583898f69f74f93967126001e765"}
,"/Users/skandanakv/Projects/Namaste_React/src/components/RestaurantMenu.js": {"path":"/Users/skandanakv/Projects/Namaste_React/src/components/RestaurantMenu.js","statementMap":{"0":{"start":{"line":6,"column":24},"end":{"line":6,"column":46}},"1":{"start":{"line":9,"column":15},"end":{"line":42,"column":1}},"2":{"start":{"line":44,"column":23},"end":{"line":152,"column":1}},"3":{"start":{"line":45,"column":27},"end":{"line":45,"column":38}},"4":{"start":{"line":47,"column":18},"end":{"line":47,"column":49}},"5":{"start":{"line":49,"column":46},"end":{"line":49,"column":58}},"6":{"start":{"line":50,"column":36},"end":{"line":50,"column":50}},"7":{"start":{"line":52,"column":17},"end":{"line":52,"column":30}},"8":{"start":{"line":54,"column":19},"end":{"line":58,"column":3}},"9":{"start":{"line":55,"column":4},"end":{"line":55,"column":41}},"10":{"start":{"line":56,"column":4},"end":{"line":56,"column":28}},"11":{"start":{"line":61,"column":2},"end":{"line":76,"column":16}},"12":{"start":{"line":62,"column":4},"end":{"line":62,"column":25}},"13":{"start":{"line":62,"column":18},"end":{"line":62,"column":25}},"14":{"start":{"line":65,"column":6},"end":{"line":65,"column":74}},"15":{"start":{"line":67,"column":23},"end":{"line":73,"column":7}},"16":{"start":{"line":68,"column":18},"end":{"line":68,"column":31}},"17":{"start":{"line":71,"column":10},"end":{"line":72,"column":72}},"18":{"start":{"line":75,"column":4},"end":{"line":75,"column":34}},"19":{"start":{"line":78,"column":2},"end":{"line":78,"column":45}},"20":{"start":{"line":78,"column":24},"end":{"line":78,"column":45}},"21":{"start":{"line":81,"column":4},"end":{"line":82,"column":6}},"22":{"start":{"line":81,"column":32},"end":{"line":81,"column":57}},"23":{"start":{"line":85,"column":4},"end":{"line":85,"column":18}},"24":{"start":{"line":87,"column":2},"end":{"line":151,"column":4}},"25":{"start":{"line":98,"column":8},"end":{"line":148,"column":14}},"26":{"start":{"line":104,"column":14},"end":{"line":104,"column":62}},"27":{"start":{"line":123,"column":20},"end":{"line":123,"column":36}},"28":{"start":{"line":125,"column":16},"end":{"line":144,"column":18}},"29":{"start":{"line":141,"column":62},"end":{"line":141,"column":87}}},"fnMap":{"0":{"name":"(anonymous_0)","decl":{"start":{"line":44,"column":23},"end":{"line":44,"column":24}},"loc":{"start":{"line":44,"column":29},"end":{"line":152,"column":1}},"line":44},"1":{"name":"(anonymous_1)","decl":{"start":{"line":54,"column":19},"end":{"line":54,"column":20}},"loc":{"start":{"line":54,"column":27},"end":{"line":58,"column":3}},"line":54},"2":{"name":"(anonymous_2)","decl":{"start":{"line":61,"column":12},"end":{"line":61,"column":13}},"loc":{"start":{"line":61,"column":18},"end":{"line":76,"column":3}},"line":61},"3":{"name":"(anonymous_3)","decl":{"start":{"line":68,"column":11},"end":{"line":68,"column":12}},"loc":{"start":{"line":68,"column":18},"end":{"line":68,"column":31}},"line":68},"4":{"name":"(anonymous_4)","decl":{"start":{"line":70,"column":8},"end":{"line":70,"column":9}},"loc":{"start":{"line":71,"column":10},"end":{"line":72,"column":72}},"line":71},"5":{"name":"(anonymous_5)","decl":{"start":{"line":81,"column":25},"end":{"line":81,"column":26}},"loc":{"start":{"line":81,"column":32},"end":{"line":81,"column":57}},"line":81},"6":{"name":"(anonymous_6)","decl":{"start":{"line":97,"column":26},"end":{"line":97,"column":27}},"loc":{"start":{"line":98,"column":8},"end":{"line":148,"column":14}},"line":98},"7":{"name":"(anonymous_7)","decl":{"start":{"line":103,"column":21},"end":{"line":103,"column":22}},"loc":{"start":{"line":104,"column":14},"end":{"line":104,"column":62}},"line":104},"8":{"name":"(anonymous_8)","decl":{"start":{"line":116,"column":40},"end":{"line":116,"column":41}},"loc":{"start":{"line":116,"column":50},"end":{"line":145,"column":15}},"line":116},"9":{"name":"(anonymous_9)","decl":{"start":{"line":141,"column":58},"end":{"line":141,"column":59}},"loc":{"start":{"line":141,"column":62},"end":{"line":141,"column":87}},"line":141}},"branchMap":{"0":{"loc":{"start":{"line":62,"column":4},"end":{"line":62,"column":25}},"type":"if","locations":[{"start":{"line":62,"column":4},"end":{"line":62,"column":25}},{"start":{},"end":{}}],"line":62},"1":{"loc":{"start":{"line":65,"column":6},"end":{"line":65,"column":74}},"type":"binary-expr","locations":[{"start":{"line":65,"column":6},"end":{"line":65,"column":68}},{"start":{"line":65,"column":72},"end":{"line":65,"column":74}}],"line":65},"2":{"loc":{"start":{"line":78,"column":2},"end":{"line":78,"column":45}},"type":"if","locations":[{"start":{"line":78,"column":2},"end":{"line":78,"column":45}},{"start":{},"end":{}}],"line":78},"3":{"loc":{"start":{"line":81,"column":4},"end":{"line":82,"column":6}},"type":"binary-expr","locations":[{"start":{"line":81,"column":4},"end":{"line":81,"column":76}},{"start":{"line":82,"column":4},"end":{"line":82,"column":6}}],"line":81},"4":{"loc":{"start":{"line":104,"column":27},"end":{"line":104,"column":61}},"type":"cond-expr","locations":[{"start":{"line":104,"column":49},"end":{"line":104,"column":53}},{"start":{"line":104,"column":56},"end":{"line":104,"column":61}}],"line":104},"5":{"loc":{"start":{"line":110,"column":19},"end":{"line":110,"column":52}},"type":"cond-expr","locations":[{"start":{"line":110,"column":41},"end":{"line":110,"column":45}},{"start":{"line":110,"column":48},"end":{"line":110,"column":52}}],"line":110},"6":{"loc":{"start":{"line":114,"column":11},"end":{"line":147,"column":11}},"type":"binary-expr","locations":[{"start":{"line":114,"column":11},"end":{"line":114,"column":30}},{"start":{"line":115,"column":12},"end":{"line":146,"column":18}}],"line":114},"7":{"loc":{"start":{"line":130,"column":28},"end":{"line":130,"column":49}},"type":"binary-expr","locations":[{"start":{"line":130,"column":28},"end":{"line":130,"column":33}},{"start":{"line":130,"column":37},"end":{"line":130,"column":49}}],"line":130}},"s":{"0":1,"1":1,"2":1,"3":4,"4":4,"5":4,"6":4,"7":4,"8":4,"9":2,"10":2,"11":4,"12":2,"13":1,"14":1,"15":1,"16":5,"17":5,"18":1,"19":4,"20":1,"21":3,"22":9,"23":3,"24":3,"25":8,"26":1,"27":3,"28":3,"29":2},"f":{"0":4,"1":2,"2":2,"3":5,"4":5,"5":9,"6":8,"7":1,"8":3,"9":2},"b":{"0":[1,1],"1":[1,0],"2":[1,3],"3":[3,0],"4":[0,1],"5":[1,7],"6":[8,1],"7":[3,0]},"_coverageSchema":"1a1c01bbd47fc00a2c39e90264f33305004495a9","hash":"c74f9280ce2b3717696410ec9bd9de3d97cbce22"}
,"/Users/skandanakv/Projects/Namaste_React/src/components/ShimmerUI.js": {"path":"/Users/skandanakv/Projects/Namaste_React/src/components/ShimmerUI.js","statementMap":{"0":{"start":{"line":1,"column":18},"end":{"line":14,"column":1}},"1":{"start":{"line":2,"column":4},"end":{"line":13,"column":6}},"2":{"start":{"line":5,"column":16},"end":{"line":10,"column":22}}},"fnMap":{"0":{"name":"(anonymous_0)","decl":{"start":{"line":1,"column":18},"end":{"line":1,"column":19}},"loc":{"start":{"line":1,"column":24},"end":{"line":14,"column":1}},"line":1},"1":{"name":"(anonymous_1)","decl":{"start":{"line":4,"column":36},"end":{"line":4,"column":37}},"loc":{"start":{"line":5,"column":16},"end":{"line":10,"column":22}},"line":5}},"branchMap":{},"s":{"0":2,"1":2,"2":40},"f":{"0":2,"1":40},"b":{},"_coverageSchema":"1a1c01bbd47fc00a2c39e90264f33305004495a9","hash":"0adf3d9487c94f2dc153ac715218c4b7c4e24860"}
,"/Users/skandanakv/Projects/Namaste_React/src/utils/UserContext.js": {"path":"/Users/skandanakv/Projects/Namaste_React/src/utils/UserContext.js","statementMap":{"0":{"start":{"line":3,"column":18},"end":{"line":5,"column":2}}},"fnMap":{},"branchMap":{},"s":{"0":2},"f":{},"b":{},"_coverageSchema":"1a1c01bbd47fc00a2c39e90264f33305004495a9","hash":"9b8292ac3fdc161b85db2e9c7f5bba9cf6ae2311"}
,"/Users/skandanakv/Projects/Namaste_React/src/utils/appStore.js": {"path":"/Users/skandanakv/Projects/Namaste_React/src/utils/appStore.js","statementMap":{"0":{"start":{"line":4,"column":17},"end":{"line":8,"column":2}}},"fnMap":{},"branchMap":{},"s":{"0":2},"f":{},"b":{},"_coverageSchema":"1a1c01bbd47fc00a2c39e90264f33305004495a9","hash":"2cb653a0eb652d5b2e7a20d980155d3cc1285f44"}
,"/Users/skandanakv/Projects/Namaste_React/src/utils/cartSlice.js": {"path":"/Users/skandanakv/Projects/Namaste_React/src/utils/cartSlice.js","statementMap":{"0":{"start":{"line":3,"column":17},"end":{"line":23,"column":2}},"1":{"start":{"line":10,"column":12},"end":{"line":10,"column":45}},"2":{"start":{"line":14,"column":12},"end":{"line":16,"column":14}},"3":{"start":{"line":15,"column":26},"end":{"line":15,"column":52}},"4":{"start":{"line":20,"column":12},"end":{"line":20,"column":33}},"5":{"start":{"line":26,"column":44},"end":{"line":26,"column":61}}},"fnMap":{"0":{"name":"(anonymous_0)","decl":{"start":{"line":9,"column":17},"end":{"line":9,"column":18}},"loc":{"start":{"line":9,"column":34},"end":{"line":12,"column":9}},"line":9},"1":{"name":"(anonymous_1)","decl":{"start":{"line":13,"column":20},"end":{"line":13,"column":21}},"loc":{"start":{"line":13,"column":39},"end":{"line":17,"column":9}},"line":13},"2":{"name":"(anonymous_2)","decl":{"start":{"line":15,"column":16},"end":{"line":15,"column":17}},"loc":{"start":{"line":15,"column":26},"end":{"line":15,"column":52}},"line":15},"3":{"name":"(anonymous_3)","decl":{"start":{"line":19,"column":18},"end":{"line":19,"column":19}},"loc":{"start":{"line":19,"column":27},"end":{"line":21,"column":9}},"line":19}},"branchMap":{},"s":{"0":2,"1":2,"2":0,"3":0,"4":1,"5":2},"f":{"0":2,"1":0,"2":0,"3":1},"b":{},"_coverageSchema":"1a1c01bbd47fc00a2c39e90264f33305004495a9","hash":"de67eacc50ec0ed1c91a95bf50cdcddfcca0b2d1"}
,"/Users/skandanakv/Projects/Namaste_React/src/utils/constants.js": {"path":"/Users/skandanakv/Projects/Namaste_React/src/utils/constants.js","statementMap":{"0":{"start":{"line":1,"column":24},"end":{"line":1,"column":102}},"1":{"start":{"line":2,"column":22},"end":{"line":2,"column":105}},"2":{"start":{"line":3,"column":27},"end":{"line":3,"column":121}},"3":{"start":{"line":5,"column":37},"end":{"line":5,"column":197}},"4":{"start":{"line":7,"column":39},"end":{"line":7,"column":92}}},"fnMap":{},"branchMap":{},"s":{"0":4,"1":4,"2":4,"3":4,"4":4},"f":{},"b":{},"_coverageSchema":"1a1c01bbd47fc00a2c39e90264f33305004495a9","hash":"8e29410f5c6644824d7f9005f2ee7a57fa7b5ab0"}
,"/Users/skandanakv/Projects/Namaste_React/src/utils/mockResCard.js": {"path":"/Users/skandanakv/Projects/Namaste_React/src/utils/mockResCard.js","statementMap":{"0":{"start":{"line":1,"column":31},"end":{"line":14,"column":1}}},"fnMap":{},"branchMap":{},"s":{"0":1},"f":{},"b":{},"_coverageSchema":"1a1c01bbd47fc00a2c39e90264f33305004495a9","hash":"080eea2ff4fbc9e1fb449e419d2fe00e3b2cc49d"}
,"/Users/skandanakv/Projects/Namaste_React/src/utils/mockResList.js": {"path":"/Users/skandanakv/Projects/Namaste_React/src/utils/mockResList.js","statementMap":{"0":{"start":{"line":1,"column":27},"end":{"line":275,"column":5}}},"fnMap":{},"branchMap":{},"s":{"0":1},"f":{},"b":{},"_coverageSchema":"1a1c01bbd47fc00a2c39e90264f33305004495a9","hash":"a4bcbf72305ca793e8efabb5a296ae195b4a1d1a"}
,"/Users/skandanakv/Projects/Namaste_React/src/utils/useOnlineStatus.js": {"path":"/Users/skandanakv/Projects/Namaste_React/src/utils/useOnlineStatus.js","statementMap":{"0":{"start":{"line":3,"column":24},"end":{"line":25,"column":1}},"1":{"start":{"line":5,"column":42},"end":{"line":5,"column":68}},"2":{"start":{"line":7,"column":2},"end":{"line":22,"column":9}},"3":{"start":{"line":9,"column":25},"end":{"line":12,"column":5}},"4":{"start":{"line":10,"column":8},"end":{"line":10,"column":35}},"5":{"start":{"line":11,"column":6},"end":{"line":11,"column":28}},"6":{"start":{"line":14,"column":26},"end":{"line":17,"column":5}},"7":{"start":{"line":15,"column":8},"end":{"line":15,"column":36}},"8":{"start":{"line":16,"column":6},"end":{"line":16,"column":29}},"9":{"start":{"line":19,"column":4},"end":{"line":19,"column":52}},"10":{"start":{"line":20,"column":4},"end":{"line":20,"column":54}},"11":{"start":{"line":24,"column":2},"end":{"line":24,"column":22}}},"fnMap":{"0":{"name":"(anonymous_0)","decl":{"start":{"line":3,"column":24},"end":{"line":3,"column":25}},"loc":{"start":{"line":3,"column":30},"end":{"line":25,"column":1}},"line":3},"1":{"name":"(anonymous_1)","decl":{"start":{"line":7,"column":12},"end":{"line":7,"column":13}},"loc":{"start":{"line":7,"column":18},"end":{"line":22,"column":3}},"line":7},"2":{"name":"(anonymous_2)","decl":{"start":{"line":9,"column":25},"end":{"line":9,"column":26}},"loc":{"start":{"line":9,"column":31},"end":{"line":12,"column":5}},"line":9},"3":{"name":"(anonymous_3)","decl":{"start":{"line":14,"column":26},"end":{"line":14,"column":27}},"loc":{"start":{"line":14,"column":32},"end":{"line":17,"column":5}},"line":14}},"branchMap":{},"s":{"0":3,"1":13,"2":13,"3":5,"4":0,"5":0,"6":5,"7":0,"8":0,"9":5,"10":5,"11":13},"f":{"0":13,"1":5,"2":0,"3":0},"b":{},"_coverageSchema":"1a1c01bbd47fc00a2c39e90264f33305004495a9","hash":"07f3c6231980e56809ef0d5230088113f9c438f7"}
,"/Users/skandanakv/Projects/Namaste_React/src/utils/useRestaurantInfo.js": {"path":"/Users/skandanakv/Projects/Namaste_React/src/utils/useRestaurantInfo.js","statementMap":{"0":{"start":{"line":3,"column":26},"end":{"line":21,"column":1}},"1":{"start":{"line":5,"column":32},"end":{"line":5,"column":46}},"2":{"start":{"line":7,"column":2},"end":{"line":9,"column":21}},"3":{"start":{"line":8,"column":4},"end":{"line":8,"column":16}},"4":{"start":{"line":11,"column":20},"end":{"line":18,"column":3}},"5":{"start":{"line":12,"column":17},"end":{"line":14,"column":5}},"6":{"start":{"line":15,"column":17},"end":{"line":15,"column":34}},"7":{"start":{"line":17,"column":4},"end":{"line":17,"column":26}},"8":{"start":{"line":20,"column":2},"end":{"line":20,"column":17}}},"fnMap":{"0":{"name":"(anonymous_0)","decl":{"start":{"line":3,"column":26},"end":{"line":3,"column":27}},"loc":{"start":{"line":3,"column":44},"end":{"line":21,"column":1}},"line":3},"1":{"name":"(anonymous_1)","decl":{"start":{"line":7,"column":12},"end":{"line":7,"column":13}},"loc":{"start":{"line":7,"column":18},"end":{"line":9,"column":3}},"line":7},"2":{"name":"(anonymous_2)","decl":{"start":{"line":11,"column":20},"end":{"line":11,"column":21}},"loc":{"start":{"line":11,"column":32},"end":{"line":18,"column":3}},"line":11}},"branchMap":{},"s":{"0":1,"1":4,"2":4,"3":1,"4":4,"5":1,"6":1,"7":1,"8":4},"f":{"0":4,"1":1,"2":1},"b":{},"_coverageSchema":"1a1c01bbd47fc00a2c39e90264f33305004495a9","hash":"3dc0d5403414593134628ea6d39d0074b9c974e0"}
}
