TN:
SF:src/sum.js
FN:1,(anonymous_0)
FNF:1
FNH:1
FNDA:1,(anonymous_0)
DA:1,1
DA:2,1
LF:2
LH:2
BRF:0
BRH:0
end_of_record
TN:
SF:src/components/Body.js
FN:7,(anonymous_0)
FN:12,(anonymous_1)
FN:50,(anonymous_2)
FN:81,(anonymous_3)
FN:88,(anonymous_4)
FN:89,(anonymous_5)
FN:102,(anonymous_6)
FN:104,(anonymous_7)
FN:116,(anonymous_8)
FNF:9
FNH:3
FNDA:2,(anonymous_0)
FNDA:1,(anonymous_1)
FNDA:1,(anonymous_2)
FNDA:0,(anonymous_3)
FNDA:0,(anonymous_4)
FNDA:0,(anonymous_5)
FNDA:0,(anonymous_6)
FNDA:0,(anonymous_7)
FNDA:0,(anonymous_8)
DA:7,1
DA:8,2
DA:9,2
DA:10,2
DA:12,2
DA:13,1
DA:16,2
DA:18,2
DA:20,2
DA:21,0
DA:50,2
DA:51,1
DA:52,1
DA:56,1
DA:60,1
DA:61,1
DA:64,2
DA:65,2
DA:68,0
DA:82,0
DA:89,0
DA:90,0
DA:92,0
DA:103,0
DA:104,0
DA:106,0
DA:117,0
LF:27
LH:17
BRDA:20,0,0,0
BRDA:20,0,1,2
BRDA:56,1,0,1
BRDA:56,1,1,1
BRDA:64,2,0,2
BRDA:64,2,1,0
BRDA:123,3,0,0
BRDA:123,3,1,0
BRF:8
BRH:4
end_of_record
TN:
SF:src/components/Contact.js
FN:1,(anonymous_0)
FNF:1
FNH:1
FNDA:4,(anonymous_0)
DA:1,1
DA:2,4
LF:2
LH:2
BRF:0
BRH:0
end_of_record
TN:
SF:src/components/Header.js
FN:8,(anonymous_0)
FN:18,(anonymous_1)
FN:67,(anonymous_2)
FNF:3
FNH:3
FNDA:5,(anonymous_0)
FNDA:8,(anonymous_1)
FNDA:2,(anonymous_2)
DA:8,1
DA:10,5
DA:11,5
DA:13,5
DA:14,5
DA:18,8
DA:20,5
DA:68,2
LF:8
LH:8
BRDA:40,0,0,5
BRDA:40,0,1,0
BRDA:68,1,0,1
BRDA:68,1,1,1
BRF:4
BRH:3
end_of_record
TN:
SF:src/components/RestaurantCard.js
FN:42,(anonymous_0)
FN:74,(anonymous_1)
FN:75,(anonymous_2)
FNF:3
FNH:2
FNDA:1,(anonymous_0)
FNDA:2,(anonymous_1)
FNDA:0,(anonymous_2)
DA:42,2
DA:43,1
DA:54,1
DA:56,1
DA:74,2
DA:75,2
DA:76,0
LF:7
LH:6
BRDA:54,0,0,1
BRDA:54,0,1,0
BRDA:66,1,0,1
BRDA:66,1,1,0
BRF:4
BRH:2
end_of_record
TN:
SF:src/components/ShimmerUI.js
FN:1,(anonymous_0)
FN:4,(anonymous_1)
FNF:2
FNH:2
FNDA:2,(anonymous_0)
FNDA:40,(anonymous_1)
DA:1,1
DA:2,2
DA:5,40
LF:3
LH:3
BRF:0
BRH:0
end_of_record
TN:
SF:src/utils/UserContext.js
FNF:0
FNH:0
DA:3,1
LF:1
LH:1
BRF:0
BRH:0
end_of_record
TN:
SF:src/utils/appStore.js
FNF:0
FNH:0
DA:4,1
LF:1
LH:1
BRF:0
BRH:0
end_of_record
TN:
SF:src/utils/cartSlice.js
FN:9,(anonymous_0)
FN:13,(anonymous_1)
FN:15,(anonymous_2)
FN:19,(anonymous_3)
FNF:4
FNH:0
FNDA:0,(anonymous_0)
FNDA:0,(anonymous_1)
FNDA:0,(anonymous_2)
FNDA:0,(anonymous_3)
DA:3,1
DA:10,0
DA:14,0
DA:15,0
DA:20,0
DA:26,1
LF:6
LH:2
BRF:0
BRH:0
end_of_record
TN:
SF:src/utils/constants.js
FNF:0
FNH:0
DA:1,3
DA:2,3
DA:3,3
DA:5,3
DA:7,3
LF:5
LH:5
BRF:0
BRH:0
end_of_record
TN:
SF:src/utils/mockResCard.js
FNF:0
FNH:0
DA:1,1
LF:1
LH:1
BRF:0
BRH:0
end_of_record
TN:
SF:src/utils/mockResList.js
FNF:0
FNH:0
DA:1,1
LF:1
LH:1
BRF:0
BRH:0
end_of_record
TN:
SF:src/utils/useOnlineStatus.js
FN:3,(anonymous_0)
FN:7,(anonymous_1)
FN:9,(anonymous_2)
FN:14,(anonymous_3)
FNF:4
FNH:2
FNDA:7,(anonymous_0)
FNDA:4,(anonymous_1)
FNDA:0,(anonymous_2)
FNDA:0,(anonymous_3)
DA:3,2
DA:5,7
DA:7,7
DA:9,4
DA:10,0
DA:11,0
DA:14,4
DA:15,0
DA:16,0
DA:19,4
DA:20,4
DA:24,7
LF:12
LH:8
BRF:0
BRH:0
end_of_record
