TN:
SF:src/sum.js
FN:1,(anonymous_0)
FNF:1
FNH:1
FNDA:1,(anonymous_0)
DA:1,1
DA:2,1
LF:2
LH:2
BRF:0
BRH:0
end_of_record
TN:
SF:src/components/Body.js
FN:7,(anonymous_0)
FN:12,(anonymous_1)
FN:50,(anonymous_2)
FN:82,(anonymous_3)
FN:89,(anonymous_4)
FN:90,(anonymous_5)
FN:103,(anonymous_6)
FN:105,(anonymous_7)
FN:117,(anonymous_8)
FNF:9
FNH:7
FNDA:4,(anonymous_0)
FNDA:1,(anonymous_1)
FNDA:1,(anonymous_2)
FNDA:1,(anonymous_3)
FNDA:1,(anonymous_4)
FNDA:9,(anonymous_5)
FNDA:0,(anonymous_6)
FNDA:0,(anonymous_7)
FNDA:19,(anonymous_8)
DA:7,1
DA:8,4
DA:9,4
DA:10,4
DA:12,4
DA:13,1
DA:16,4
DA:18,4
DA:20,4
DA:21,0
DA:50,4
DA:51,1
DA:52,1
DA:56,1
DA:57,1
DA:60,1
DA:61,1
DA:64,4
DA:65,1
DA:68,3
DA:83,1
DA:90,1
DA:91,9
DA:93,1
DA:104,0
DA:105,0
DA:107,0
DA:118,19
LF:28
LH:24
BRDA:20,0,0,0
BRDA:20,0,1,4
BRDA:56,1,0,1
BRDA:56,1,1,0
BRDA:64,2,0,1
BRDA:64,2,1,3
BRDA:124,3,0,0
BRDA:124,3,1,19
BRF:8
BRH:5
end_of_record
TN:
SF:src/components/Cart.js
FN:7,(anonymous_0)
FN:12,(anonymous_1)
FN:14,(anonymous_2)
FN:33,(anonymous_3)
FN:73,(anonymous_4)
FNF:5
FNH:4
FNDA:4,(anonymous_0)
FNDA:8,(anonymous_1)
FNDA:1,(anonymous_2)
FNDA:3,(anonymous_3)
FNDA:0,(anonymous_4)
DA:7,1
DA:9,4
DA:12,8
DA:14,4
DA:15,1
DA:18,4
DA:41,3
DA:43,3
DA:73,0
LF:9
LH:8
BRDA:28,0,0,2
BRDA:28,0,1,2
BRDA:54,1,0,3
BRDA:54,1,1,0
BRF:4
BRH:3
end_of_record
TN:
SF:src/components/Contact.js
FN:1,(anonymous_0)
FNF:1
FNH:1
FNDA:4,(anonymous_0)
DA:1,1
DA:2,4
LF:2
LH:2
BRF:0
BRH:0
end_of_record
TN:
SF:src/components/Header.js
FN:8,(anonymous_0)
FN:18,(anonymous_1)
FN:67,(anonymous_2)
FNF:3
FNH:3
FNDA:9,(anonymous_0)
FNDA:16,(anonymous_1)
FNDA:2,(anonymous_2)
DA:8,2
DA:10,9
DA:11,9
DA:13,9
DA:14,9
DA:18,16
DA:20,9
DA:68,2
LF:8
LH:8
BRDA:40,0,0,9
BRDA:40,0,1,0
BRDA:68,1,0,1
BRDA:68,1,1,1
BRF:4
BRH:3
end_of_record
TN:
SF:src/components/RestaurantCard.js
FN:42,(anonymous_0)
FN:74,(anonymous_1)
FN:75,(anonymous_2)
FNF:3
FNH:2
FNDA:20,(anonymous_0)
FNDA:4,(anonymous_1)
FNDA:0,(anonymous_2)
DA:42,2
DA:43,20
DA:54,20
DA:56,20
DA:74,2
DA:75,4
DA:76,0
LF:7
LH:6
BRDA:54,0,0,20
BRDA:54,0,1,19
BRDA:66,1,0,20
BRDA:66,1,1,0
BRF:4
BRH:3
end_of_record
TN:
SF:src/components/RestaurantMenu.js
FN:44,(anonymous_0)
FN:54,(anonymous_1)
FN:61,(anonymous_2)
FN:68,(anonymous_3)
FN:70,(anonymous_4)
FN:81,(anonymous_5)
FN:97,(anonymous_6)
FN:103,(anonymous_7)
FN:116,(anonymous_8)
FN:141,(anonymous_9)
FNF:10
FNH:10
FNDA:4,(anonymous_0)
FNDA:2,(anonymous_1)
FNDA:2,(anonymous_2)
FNDA:5,(anonymous_3)
FNDA:5,(anonymous_4)
FNDA:9,(anonymous_5)
FNDA:8,(anonymous_6)
FNDA:1,(anonymous_7)
FNDA:3,(anonymous_8)
FNDA:2,(anonymous_9)
DA:6,1
DA:9,1
DA:44,1
DA:45,4
DA:47,4
DA:49,4
DA:50,4
DA:52,4
DA:54,4
DA:55,2
DA:56,2
DA:61,4
DA:62,2
DA:65,1
DA:67,1
DA:68,5
DA:71,5
DA:75,1
DA:78,4
DA:81,9
DA:85,3
DA:87,3
DA:98,8
DA:104,1
DA:123,3
DA:125,3
DA:141,2
LF:27
LH:27
BRDA:62,0,0,1
BRDA:62,0,1,1
BRDA:65,1,0,1
BRDA:65,1,1,0
BRDA:78,2,0,1
BRDA:78,2,1,3
BRDA:81,3,0,3
BRDA:81,3,1,0
BRDA:104,4,0,0
BRDA:104,4,1,1
BRDA:110,5,0,1
BRDA:110,5,1,7
BRDA:114,6,0,8
BRDA:114,6,1,1
BRDA:130,7,0,3
BRDA:130,7,1,0
BRF:16
BRH:12
end_of_record
TN:
SF:src/components/ShimmerUI.js
FN:1,(anonymous_0)
FN:4,(anonymous_1)
FNF:2
FNH:2
FNDA:2,(anonymous_0)
FNDA:40,(anonymous_1)
DA:1,2
DA:2,2
DA:5,40
LF:3
LH:3
BRF:0
BRH:0
end_of_record
TN:
SF:src/utils/UserContext.js
FNF:0
FNH:0
DA:3,2
LF:1
LH:1
BRF:0
BRH:0
end_of_record
TN:
SF:src/utils/appStore.js
FNF:0
FNH:0
DA:4,2
LF:1
LH:1
BRF:0
BRH:0
end_of_record
TN:
SF:src/utils/cartSlice.js
FN:9,(anonymous_0)
FN:13,(anonymous_1)
FN:15,(anonymous_2)
FN:19,(anonymous_3)
FNF:4
FNH:2
FNDA:2,(anonymous_0)
FNDA:0,(anonymous_1)
FNDA:0,(anonymous_2)
FNDA:1,(anonymous_3)
DA:3,2
DA:10,2
DA:14,0
DA:15,0
DA:20,1
DA:26,2
LF:6
LH:4
BRF:0
BRH:0
end_of_record
TN:
SF:src/utils/constants.js
FNF:0
FNH:0
DA:1,4
DA:2,4
DA:3,4
DA:5,4
DA:7,4
LF:5
LH:5
BRF:0
BRH:0
end_of_record
TN:
SF:src/utils/mockResCard.js
FNF:0
FNH:0
DA:1,1
LF:1
LH:1
BRF:0
BRH:0
end_of_record
TN:
SF:src/utils/mockResList.js
FNF:0
FNH:0
DA:1,1
LF:1
LH:1
BRF:0
BRH:0
end_of_record
TN:
SF:src/utils/useOnlineStatus.js
FN:3,(anonymous_0)
FN:7,(anonymous_1)
FN:9,(anonymous_2)
FN:14,(anonymous_3)
FNF:4
FNH:2
FNDA:13,(anonymous_0)
FNDA:5,(anonymous_1)
FNDA:0,(anonymous_2)
FNDA:0,(anonymous_3)
DA:3,3
DA:5,13
DA:7,13
DA:9,5
DA:10,0
DA:11,0
DA:14,5
DA:15,0
DA:16,0
DA:19,5
DA:20,5
DA:24,13
LF:12
LH:8
BRF:0
BRH:0
end_of_record
TN:
SF:src/utils/useRestaurantInfo.js
FN:3,(anonymous_0)
FN:7,(anonymous_1)
FN:11,(anonymous_2)
FNF:3
FNH:3
FNDA:4,(anonymous_0)
FNDA:1,(anonymous_1)
FNDA:1,(anonymous_2)
DA:3,1
DA:5,4
DA:7,4
DA:8,1
DA:11,4
DA:12,1
DA:15,1
DA:17,1
DA:20,4
LF:9
LH:9
BRF:0
BRH:0
end_of_record
